<?xml version="1.0" encoding="UTF-8" ?>
<testsuite tests="5" failures="0" name="runner.RunCucumberTest" time="0.009" errors="0" skipped="0">
  <properties>
[...]
</properties>
  <testcase classname="Cenario: Pesquisa Valida" name="Dado que estou na pagina de pesquisa" time="0.009"/>
  <testcase classname="Cenario: Pesquisa Valida" name="Quando pesquisar por um produto produto &quot;playstation 5&quot;" time="0"/>
  <testcase classname="Cenario: Pesquisa Valida" name="Entao retorna uma quantidade de produtos" time="0"/>
  <testcase classname="Cenario: Pesquisa Valida" name="E aparece uma lista de produtos" time="0"/>
  <testcase classname="Cenario: Pesquisa Valida" name="Cenario: Pesquisa Valida" time="0"/>
</testsuite>